<?xml version="1.0" encoding="UTF-8"?>
<testsuite name="models.ToDoTest" tests="2" skipped="0" failures="0" errors="0" timestamp="2019-09-13T15:47:34" hostname="Makerss-MacBook-Pro-2.local" time="0.001">
  <properties/>
  <testcase name="itInstantiates" classname="models.ToDoTest" time="0.0"/>
  <testcase name="itHasContent" classname="models.ToDoTest" time="0.001"/>
  <system-out><![CDATA[]]></system-out>
  <system-err><![CDATA[]]></system-err>
</testsuite>
