<?xml version="1.0" encoding="UTF-8"?>
<testsuite name="dao.Sql2oToDoDaoTest" tests="10" skipped="1" failures="0" errors="0" timestamp="2019-09-17T09:32:11" hostname="Makerss-MacBook-Pro-2.local" time="1.296">
  <properties/>
  <testcase name="itCanEditAToDoAddingADifferentLabel" classname="dao.Sql2oToDoDaoTest" time="0.325"/>
  <testcase name="existingToDosCanBeFoundById" classname="dao.Sql2oToDoDaoTest" time="0.14"/>
  <testcase name="allToDosContainAllToDos" classname="dao.Sql2oToDoDaoTest" time="0.216"/>
  <testcase name="itCanEditAToDo" classname="dao.Sql2oToDoDaoTest" time="0.321"/>
  <testcase name="itCanDeleteAToDo" classname="dao.Sql2oToDoDaoTest" time="0.053"/>
  <testcase name="itCanDeleteAllToDos" classname="dao.Sql2oToDoDaoTest" time="0.067"/>
  <testcase name="allReturnsNothingIfNoToDos" classname="dao.Sql2oToDoDaoTest" time="0.027"/>
  <testcase name="addingToDoSetsId" classname="dao.Sql2oToDoDaoTest" time="0.028"/>
  <testcase name="itCanReturnToDosWithASpecificLabel" classname="dao.Sql2oToDoDaoTest" time="0.0">
    <skipped/>
  </testcase>
  <testcase name="allReturnsAllToDos" classname="dao.Sql2oToDoDaoTest" time="0.079"/>
  <system-out><![CDATA[]]></system-out>
  <system-err><![CDATA[]]></system-err>
</testsuite>
