<?xml version="1.0" encoding="UTF-8"?>
<testsuite name="models.LabelTest" tests="2" skipped="0" failures="0" errors="0" timestamp="2019-09-17T09:32:13" hostname="Makerss-MacBook-Pro-2.local" time="0.001">
  <properties/>
  <testcase name="itInstantiates" classname="models.LabelTest" time="0.0"/>
  <testcase name="itHasAName" classname="models.LabelTest" time="0.0"/>
  <system-out><![CDATA[]]></system-out>
  <system-err><![CDATA[]]></system-err>
</testsuite>
