<?xml version="1.0" encoding="UTF-8"?>
<testsuite name="models.ToDoTest" tests="1" skipped="0" failures="0" errors="0" timestamp="2019-09-13T18:30:31" hostname="Makerss-MacBook-Pro-2.local" time="0.159">
  <properties/>
  <testcase name="itCanNotHaveALabelId" classname="models.ToDoTest" time="0.159"/>
  <system-out><![CDATA[]]></system-out>
  <system-err><![CDATA[]]></system-err>
</testsuite>
