<?xml version="1.0" encoding="UTF-8"?>
<testsuite name="ToDoTest" tests="10" skipped="0" failures="0" errors="0" timestamp="2019-09-12T23:13:53" hostname="Makerss-MacBook-Pro-2.local" time="0.011">
  <properties/>
  <testcase name="itCanReturnAllToDos" classname="ToDoTest" time="0.005"/>
  <testcase name="itHasContent" classname="ToDoTest" time="0.0"/>
  <testcase name="itCanNotHaveALabelId" classname="ToDoTest" time="0.0"/>
  <testcase name="itCanReturnASpecificToDo" classname="ToDoTest" time="0.001"/>
  <testcase name="itCanEditAToDo" classname="ToDoTest" time="0.0"/>
  <testcase name="itCanDeleteAToDo" classname="ToDoTest" time="0.003"/>
  <testcase name="itCanAddAToDo" classname="ToDoTest" time="0.0"/>
  <testcase name="itCanHaveALabelId" classname="ToDoTest" time="0.0"/>
  <testcase name="itHasAnId" classname="ToDoTest" time="0.0"/>
  <testcase name="itCanReturnToDosWithASpecificLabel" classname="ToDoTest" time="0.0"/>
  <system-out><![CDATA[]]></system-out>
  <system-err><![CDATA[]]></system-err>
</testsuite>
