<?xml version="1.0" encoding="UTF-8"?>
<testsuite name="ToDoListTest" tests="7" skipped="0" failures="0" errors="0" timestamp="2019-09-12T16:55:01" hostname="Makerss-MacBook-Pro-2.local" time="0.464">
  <properties/>
  <testcase name="itCanReturnAllToDos" classname="ToDoListTest" time="0.446"/>
  <testcase name="itCanReturnASpecificToDo" classname="ToDoListTest" time="0.003"/>
  <testcase name="itCanEditAToDo" classname="ToDoListTest" time="0.006"/>
  <testcase name="itCanDeleteAToDo" classname="ToDoListTest" time="0.002"/>
  <testcase name="itCanAddAToDo" classname="ToDoListTest" time="0.001"/>
  <testcase name="itHasAName" classname="ToDoListTest" time="0.0"/>
  <testcase name="itCanReturnToDosWithASpecificLabel" classname="ToDoListTest" time="0.005"/>
  <system-out><![CDATA[1
1
]]></system-out>
  <system-err><![CDATA[]]></system-err>
</testsuite>
