<?xml version="1.0" encoding="UTF-8"?>
<testsuite name="LabelTest" tests="2" skipped="0" failures="0" errors="0" timestamp="2019-09-13T15:47:34" hostname="Makerss-MacBook-Pro-2.local" time="0.002">
  <properties/>
  <testcase name="itHasAName" classname="LabelTest" time="0.0"/>
  <testcase name="itHasAnId" classname="LabelTest" time="0.001"/>
  <system-out><![CDATA[]]></system-out>
  <system-err><![CDATA[]]></system-err>
</testsuite>
