<?xml version="1.0" encoding="UTF-8"?>
<testsuite name="dao.Sql2oLabelDaoTest" tests="1" skipped="0" failures="0" errors="0" timestamp="2019-09-16T15:33:35" hostname="Makerss-MacBook-Pro-2.local" time="0.319">
  <properties/>
  <testcase name="itCanDeleteAllToDos" classname="dao.Sql2oLabelDaoTest" time="0.319"/>
  <system-out><![CDATA[]]></system-out>
  <system-err><![CDATA[]]></system-err>
</testsuite>
